<?xml version="1.0" encoding="UTF-8"?>
<!-- Generated by org.testng.reporters.JUnitReportReporter -->
<testsuite skipped="0" hostname="PR020921" name="discovery.AdvancedSearchOnTest.AS_ClosureStatus_PartiallyOpen_AnyTime" tests="1" failures="0" timestamp="23 Nov 2017 11:38:32 GMT" time="29.939" errors="0">
  <testcase name="PartiallyOpen_AnyTime" time="29.939" classname="discovery.AdvancedSearchOnTest.AS_ClosureStatus_PartiallyOpen_AnyTime"/>
</testsuite> <!-- discovery.AdvancedSearchOnTest.AS_ClosureStatus_PartiallyOpen_AnyTime -->
