<?xml version="1.0" encoding="UTF-8"?>
<!-- Generated by org.testng.reporters.JUnitReportReporter -->
<testsuite skipped="0" hostname="PR020921" name="discovery.AdvancedSearchOnTest.AS_Search_Find_DontFindWord" tests="1" failures="0" timestamp="23 Nov 2017 11:38:32 GMT" time="13.846" errors="0">
  <testcase name="Find_DontFindWord" time="13.846" classname="discovery.AdvancedSearchOnTest.AS_Search_Find_DontFindWord"/>
</testsuite> <!-- discovery.AdvancedSearchOnTest.AS_Search_Find_DontFindWord -->
