<?xml version="1.0" encoding="UTF-8"?>
<!-- Generated by org.testng.reporters.JUnitReportReporter -->
<testsuite skipped="0" hostname="PR020921" name="discovery.Ecommerce.DigitizedAddToBasket" tests="1" failures="0" timestamp="23 Nov 2017 11:38:32 GMT" time="37.535" errors="0">
  <testcase name="DigitizedAddToBasket" time="37.535" classname="discovery.Ecommerce.DigitizedAddToBasket"/>
</testsuite> <!-- discovery.Ecommerce.DigitizedAddToBasket -->
