<?xml version="1.0" encoding="UTF-8"?>
<!-- Generated by org.testng.reporters.JUnitReportReporter -->
<testsuite skipped="0" hostname="PR020921" name="discovery.ManorSearchOnTest.MS_ForManorDocuments_VerifyRecords" tests="1" failures="0" timestamp="23 Nov 2017 11:38:33 GMT" time="28.643" errors="0">
  <testcase name="ForManorDocuments_VerifyRecords" time="28.643" classname="discovery.ManorSearchOnTest.MS_ForManorDocuments_VerifyRecords"/>
</testsuite> <!-- discovery.ManorSearchOnTest.MS_ForManorDocuments_VerifyRecords -->
