<?xml version="1.0" encoding="UTF-8"?>
<!-- Generated by org.testng.reporters.JUnitReportReporter -->
<testsuite skipped="0" hostname="PR020921" name="discovery.FindAnAichiveOnTest.FA_ExportAllRecordsAsCSV" tests="1" failures="0" timestamp="23 Nov 2017 11:38:32 GMT" time="28.435" errors="0">
  <testcase name="ExportAllRecordsAsCSV" time="28.435" classname="discovery.FindAnAichiveOnTest.FA_ExportAllRecordsAsCSV"/>
</testsuite> <!-- discovery.FindAnAichiveOnTest.FA_ExportAllRecordsAsCSV -->
