<?xml version="1.0" encoding="UTF-8"?>
<!-- Generated by org.testng.reporters.JUnitReportReporter -->
<testsuite skipped="0" hostname="PR020921" name="discovery.DownlaodRecordOnTest.Veriy_DownloadOption_InAccount" tests="1" failures="0" timestamp="23 Nov 2017 11:38:32 GMT" time="45.093" errors="0">
  <testcase name="verify_Download_InAccount" time="45.093" classname="discovery.DownlaodRecordOnTest.Veriy_DownloadOption_InAccount"/>
</testsuite> <!-- discovery.DownlaodRecordOnTest.Veriy_DownloadOption_InAccount -->
