<?xml version="1.0" encoding="UTF-8"?>
<!-- Generated by org.testng.reporters.JUnitReportReporter -->
<testsuite skipped="0" hostname="PR020921" name="discovery.BasicSearchOnTest.BS_NoOfRecordsPerPage15And30And60" tests="3" failures="0" timestamp="23 Nov 2017 11:38:33 GMT" time="68.353" errors="0">
  <testcase name="defalutRecordsPerPage" time="19.163" classname="discovery.BasicSearchOnTest.BS_NoOfRecordsPerPage15And30And60"/>
  <testcase name="click30" time="24.855" classname="discovery.BasicSearchOnTest.BS_NoOfRecordsPerPage15And30And60"/>
  <testcase name="click60" time="24.335" classname="discovery.BasicSearchOnTest.BS_NoOfRecordsPerPage15And30And60"/>
</testsuite> <!-- discovery.BasicSearchOnTest.BS_NoOfRecordsPerPage15And30And60 -->
