<?xml version="1.0" encoding="UTF-8"?>
<!-- Generated by org.testng.reporters.JUnitReportReporter -->
<testsuite skipped="0" hostname="PR020921" name="discovery.DetailPageOnTest.DetailPage_CouldThisPageBeImproved_NO" tests="1" failures="0" timestamp="23 Nov 2017 11:45:39 GMT" time="12.530" errors="0">
  <testcase name="DetailPage_CouldThisPageBeImproved_NO" time="12.530" classname="discovery.DetailPageOnTest.DetailPage_CouldThisPageBeImproved_NO"/>
</testsuite> <!-- discovery.DetailPageOnTest.DetailPage_CouldThisPageBeImproved_NO -->
