<?xml version="1.0" encoding="UTF-8"?>
<!-- Generated by org.testng.reporters.JUnitReportReporter -->
<testsuite skipped="0" hostname="PR020921" name="discovery.TagOnTest.DeleteTag" tests="1" failures="0" timestamp="23 Nov 2017 11:38:31 GMT" time="20.903" errors="0">
  <testcase name="deleteTag" time="20.903" classname="discovery.TagOnTest.DeleteTag"/>
</testsuite> <!-- discovery.TagOnTest.DeleteTag -->
