<?xml version="1.0" encoding="UTF-8"?>
<!-- Generated by org.testng.reporters.JUnitReportReporter -->
<testsuite skipped="0" hostname="PR020921" name="dicovery.DeliveryOption.MouldTreatment" tests="1" failures="0" timestamp="23 Nov 2017 11:38:33 GMT" time="13.197" errors="0">
  <testcase name="mouldTreatment" time="13.197" classname="dicovery.DeliveryOption.MouldTreatment"/>
</testsuite> <!-- dicovery.DeliveryOption.MouldTreatment -->
