<?xml version="1.0" encoding="UTF-8"?>
<!-- Generated by org.testng.reporters.JUnitReportReporter -->
<testsuite skipped="0" hostname="PR020921" name="discovery.Ecommerce.Dsa1939registerClickYes" tests="1" failures="0" timestamp="23 Nov 2017 11:38:32 GMT" time="61.126" errors="0">
  <testcase name="Dsa1939registerClickYes" time="61.126" classname="discovery.Ecommerce.Dsa1939registerClickYes"/>
</testsuite> <!-- discovery.Ecommerce.Dsa1939registerClickYes -->
