<?xml version="1.0" encoding="UTF-8"?>
<!-- Generated by org.testng.reporters.JUnitReportReporter -->
<testsuite skipped="0" hostname="PR020921" name="dicovery.DeliveryOption.Surrogate" tests="1" failures="0" timestamp="23 Nov 2017 11:38:30 GMT" time="12.483" errors="0">
  <testcase name="surrogate" time="12.483" classname="dicovery.DeliveryOption.Surrogate"/>
</testsuite> <!-- dicovery.DeliveryOption.Surrogate -->
