<?xml version="1.0" encoding="UTF-8"?>
<!-- Generated by org.testng.reporters.JUnitReportReporter -->
<testsuite skipped="0" hostname="PR020921" name="discovery.BasicSearchOnTest.BS_LessThan10000ExportAllRecordsAsCSV" tests="1" failures="0" timestamp="23 Nov 2017 11:38:33 GMT" time="44.730" errors="0">
  <testcase name="LessThan10000ExportAllRecordsAsCSV" time="44.730" classname="discovery.BasicSearchOnTest.BS_LessThan10000ExportAllRecordsAsCSV"/>
</testsuite> <!-- discovery.BasicSearchOnTest.BS_LessThan10000ExportAllRecordsAsCSV -->
