<?xml version="1.0" encoding="UTF-8"?>
<!-- Generated by org.testng.reporters.JUnitReportReporter -->
<testsuite skipped="0" hostname="PR020921" name="discovery.SingleSignOnTest.SS_CreateAccount_ChangeEmail_ChangePassword_DeleteAccount" tests="1" failures="0" timestamp="23 Nov 2017 11:38:31 GMT" time="37.996" errors="0">
  <testcase name="CreateAccount_ChangeEmail_ChangePassword_DeleteAccount" time="37.996" classname="discovery.SingleSignOnTest.SS_CreateAccount_ChangeEmail_ChangePassword_DeleteAccount"/>
</testsuite> <!-- discovery.SingleSignOnTest.SS_CreateAccount_ChangeEmail_ChangePassword_DeleteAccount -->
