<?xml version="1.0" encoding="UTF-8"?>
<!-- Generated by org.testng.reporters.JUnitReportReporter -->
<testsuite skipped="0" hostname="PR020921" name="discovery.TagOnTest.StopListTag" tests="1" failures="0" timestamp="23 Nov 2017 11:38:32 GMT" time="20.049" errors="0">
  <testcase name="tag" time="20.049" classname="discovery.TagOnTest.StopListTag"/>
</testsuite> <!-- discovery.TagOnTest.StopListTag -->
