<?xml version="1.0" encoding="UTF-8"?>
<!-- Generated by org.testng.reporters.JUnitReportReporter -->
<testsuite skipped="0" hostname="PR020921" name="dicovery.DeliveryOption.AcademicSubscription" tests="1" failures="0" timestamp="23 Nov 2017 11:38:32 GMT" time="14.171" errors="0">
  <testcase name="academicSubscription" time="14.171" classname="dicovery.DeliveryOption.AcademicSubscription"/>
</testsuite> <!-- dicovery.DeliveryOption.AcademicSubscription -->
