<?xml version="1.0" encoding="UTF-8"?>
<!-- Generated by org.testng.reporters.JUnitReportReporter -->
<testsuite skipped="0" hostname="PR020921" name="discovery.DetailPageOnTest.DetailPage_CouldThisPageBeImproved_Yes" tests="1" failures="0" timestamp="23 Nov 2017 11:46:00 GMT" time="8.670" errors="0">
  <testcase name="DetailPage_CouldThisPageBeImproved_Yes" time="8.670" classname="discovery.DetailPageOnTest.DetailPage_CouldThisPageBeImproved_Yes"/>
</testsuite> <!-- discovery.DetailPageOnTest.DetailPage_CouldThisPageBeImproved_Yes -->
