<?xml version="1.0" encoding="UTF-8"?>
<!-- Generated by org.testng.reporters.JUnitReportReporter -->
<testsuite skipped="0" hostname="PR020921" name="discovery.Subscription.SubscriptionMoDMedalResearchOffice" tests="1" failures="0" timestamp="23 Nov 2017 11:38:32 GMT" time="26.258" errors="0">
  <testcase name="SubscriptionMoDMedalResearchOffice" time="26.258" classname="discovery.Subscription.SubscriptionMoDMedalResearchOffice"/>
</testsuite> <!-- discovery.Subscription.SubscriptionMoDMedalResearchOffice -->
