<?xml version="1.0" encoding="UTF-8"?>
<!-- Generated by org.testng.reporters.JUnitReportReporter -->
<testsuite skipped="0" hostname="PR020921" name="discovery.FindAnAichiveOnTest.FA_BrowseByCountryName" tests="2" failures="0" timestamp="23 Nov 2017 11:38:30 GMT" time="39.294" errors="0">
  <testcase name="BrowseCountryname" time="19.208" classname="discovery.FindAnAichiveOnTest.FA_BrowseByCountryName"/>
  <testcase name="BrowseCountryname2" time="20.086" classname="discovery.FindAnAichiveOnTest.FA_BrowseByCountryName"/>
</testsuite> <!-- discovery.FindAnAichiveOnTest.FA_BrowseByCountryName -->
