<?xml version="1.0" encoding="UTF-8"?>
<!-- Generated by org.testng.reporters.JUnitReportReporter -->
<testsuite skipped="0" hostname="PR020921" name="discovery.DownlaodRecordOnTest.Veriy_DownloadOption_OnConfirmationPage" tests="1" failures="0" timestamp="23 Nov 2017 11:38:32 GMT" time="11.984" errors="0">
  <testcase name="verify_Download_OnConfirmationPage" time="11.984" classname="discovery.DownlaodRecordOnTest.Veriy_DownloadOption_OnConfirmationPage"/>
</testsuite> <!-- discovery.DownlaodRecordOnTest.Veriy_DownloadOption_OnConfirmationPage -->
