<?xml version="1.0" encoding="UTF-8"?>
<!-- Generated by org.testng.reporters.JUnitReportReporter -->
<testsuite skipped="0" hostname="PR020921" name="discovery.BasicSearchOnTest.BS_FilterResult_VerifyCollectionAndSubjects" tests="1" failures="0" timestamp="23 Nov 2017 11:38:32 GMT" time="32.966" errors="0">
  <testcase name="VerifyCollectionAndSubjects" time="32.966" classname="discovery.BasicSearchOnTest.BS_FilterResult_VerifyCollectionAndSubjects"/>
</testsuite> <!-- discovery.BasicSearchOnTest.BS_FilterResult_VerifyCollectionAndSubjects -->
