<?xml version="1.0" encoding="UTF-8"?>
<!-- Generated by org.testng.reporters.JUnitReportReporter -->
<testsuite skipped="0" hostname="PR020921" name="dicovery.DeliveryOption.GovtWebArchive" tests="1" failures="0" timestamp="23 Nov 2017 11:38:33 GMT" time="10.568" errors="0">
  <testcase name="govtWebArchive" time="10.568" classname="dicovery.DeliveryOption.GovtWebArchive"/>
</testsuite> <!-- dicovery.DeliveryOption.GovtWebArchive -->
