<?xml version="1.0" encoding="UTF-8"?>
<!-- Generated by org.testng.reporters.JUnitReportReporter -->
<testsuite skipped="0" hostname="PR020921" name="discovery.Ecommerce.WO416" tests="1" failures="0" timestamp="23 Nov 2017 11:38:32 GMT" time="58.169" errors="0">
  <testcase name="WO416" time="58.169" classname="discovery.Ecommerce.WO416"/>
</testsuite> <!-- discovery.Ecommerce.WO416 -->
