<?xml version="1.0" encoding="UTF-8"?>
<!-- Generated by org.testng.reporters.JUnitReportReporter -->
<testsuite skipped="0" hostname="PR020921" name="discovery.Sar.Sar_LEV2226ZFoiRequest" tests="1" failures="0" timestamp="23 Nov 2017 11:38:32 GMT" time="9.460" errors="0">
  <testcase name="LEV2226ZFoiRequest" time="9.460" classname="discovery.Sar.Sar_LEV2226ZFoiRequest"/>
</testsuite> <!-- discovery.Sar.Sar_LEV2226ZFoiRequest -->
