<?xml version="1.0" encoding="UTF-8"?>
<!-- Generated by org.testng.reporters.JUnitReportReporter -->
<testsuite skipped="0" hostname="PR020921" name="discovery.SingleSignOnTest.SS_clickRegisterwithInvalidEmail" tests="1" failures="0" timestamp="23 Nov 2017 11:38:33 GMT" time="11.186" errors="0">
  <testcase name="clickRegisterwithInvalidEmail" time="11.186" classname="discovery.SingleSignOnTest.SS_clickRegisterwithInvalidEmail"/>
</testsuite> <!-- discovery.SingleSignOnTest.SS_clickRegisterwithInvalidEmail -->
