<?xml version="1.0" encoding="UTF-8"?>
<!-- Generated by org.testng.reporters.JUnitReportReporter -->
<testsuite skipped="0" hostname="PR020921" name="discovery.FindAnAichiveOnTest.FA_ChooseRegion" tests="3" failures="0" timestamp="23 Nov 2017 11:38:33 GMT" time="48.567" errors="0">
  <testcase name="region3" time="16.200" classname="discovery.FindAnAichiveOnTest.FA_ChooseRegion"/>
  <testcase name="region2" time="15.412" classname="discovery.FindAnAichiveOnTest.FA_ChooseRegion"/>
  <testcase name="region" time="16.955" classname="discovery.FindAnAichiveOnTest.FA_ChooseRegion"/>
</testsuite> <!-- discovery.FindAnAichiveOnTest.FA_ChooseRegion -->
