<?xml version="1.0" encoding="UTF-8"?>
<!-- Generated by org.testng.reporters.JUnitReportReporter -->
<testsuite skipped="0" hostname="PR020921" name="discovery.AdvancedSearchOnTest.AS_RecordCreator_CreatorType_CheckBox_Years" tests="1" failures="0" timestamp="23 Nov 2017 11:38:33 GMT" time="31.760" errors="0">
  <testcase name="CreatorType_CheckBox_Years" time="31.760" classname="discovery.AdvancedSearchOnTest.AS_RecordCreator_CreatorType_CheckBox_Years"/>
</testsuite> <!-- discovery.AdvancedSearchOnTest.AS_RecordCreator_CreatorType_CheckBox_Years -->
