<?xml version="1.0" encoding="UTF-8"?>
<!-- Generated by org.testng.reporters.JUnitReportReporter -->
<testsuite skipped="0" hostname="PR020921" name="discovery.AdvancedSearchOnTest.AS_Reference_SearchAll" tests="1" failures="0" timestamp="23 Nov 2017 11:38:30 GMT" time="12.507" errors="0">
  <testcase name="Reference_SearchAll" time="12.507" classname="discovery.AdvancedSearchOnTest.AS_Reference_SearchAll"/>
</testsuite> <!-- discovery.AdvancedSearchOnTest.AS_Reference_SearchAll -->
