<?xml version="1.0" encoding="UTF-8"?>
<!-- Generated by org.testng.reporters.JUnitReportReporter -->
<testsuite skipped="0" hostname="PR020921" name="discovery.Ecommerce.PageCheckRequestACopy" tests="1" failures="0" timestamp="23 Nov 2017 11:38:33 GMT" time="61.401" errors="0">
  <testcase name="PageCheckRequestACopy" time="61.401" classname="discovery.Ecommerce.PageCheckRequestACopy"/>
</testsuite> <!-- discovery.Ecommerce.PageCheckRequestACopy -->
