<?xml version="1.0" encoding="UTF-8"?>
<!-- Generated by org.testng.reporters.JUnitReportReporter -->
<testsuite skipped="0" hostname="PR020921" name="discovery.ManorSearchOnTest.MS_ByManor_VerifyRecordsCreator" tests="1" failures="0" timestamp="23 Nov 2017 11:38:33 GMT" time="16.257" errors="0">
  <testcase name="ByManor_VerifyRecordsCreator" time="16.257" classname="discovery.ManorSearchOnTest.MS_ByManor_VerifyRecordsCreator"/>
</testsuite> <!-- discovery.ManorSearchOnTest.MS_ByManor_VerifyRecordsCreator -->
