<?xml version="1.0" encoding="UTF-8"?>
<!-- Generated by org.testng.reporters.JUnitReportReporter -->
<testsuite skipped="0" hostname="PR020921" name="dicovery.DeliveryOption.DigitizedAvailableButNotDownloadableAtPieceLevel" tests="1" failures="0" timestamp="23 Nov 2017 11:38:32 GMT" time="13.625" errors="0">
  <testcase name="digitizedAvailableButNotDownlodableAtPieceLevel" time="13.625" classname="dicovery.DeliveryOption.DigitizedAvailableButNotDownloadableAtPieceLevel"/>
</testsuite> <!-- dicovery.DeliveryOption.DigitizedAvailableButNotDownloadableAtPieceLevel -->
