<?xml version="1.0" encoding="UTF-8"?>
<!-- Generated by org.testng.reporters.JUnitReportReporter -->
<testsuite skipped="0" hostname="PR020921" name="discovery.BrowseOnTest.Records_Of_TNA" tests="1" failures="0" timestamp="23 Nov 2017 11:38:32 GMT" time="12.605" errors="0">
  <testcase name="browseRecords" time="12.605" classname="discovery.BrowseOnTest.Records_Of_TNA"/>
</testsuite> <!-- discovery.BrowseOnTest.Records_Of_TNA -->
