<?xml version="1.0" encoding="UTF-8"?>
<!-- Generated by org.testng.reporters.JUnitReportReporter -->
<testsuite skipped="0" hostname="PR020921" name="dicovery.DeliveryOption.InvigilationSafeRoom" tests="1" failures="0" timestamp="23 Nov 2017 11:38:33 GMT" time="12.808" errors="0">
  <testcase name="invigilationSafeRoom" time="12.808" classname="dicovery.DeliveryOption.InvigilationSafeRoom"/>
</testsuite> <!-- dicovery.DeliveryOption.InvigilationSafeRoom -->
