<?xml version="1.0" encoding="UTF-8"?>
<!-- Generated by org.testng.reporters.JUnitReportReporter -->
<testsuite skipped="0" hostname="PR020921" name="discovery.DetailPageOnTest.DetailPage_ErrorOnRecordDescription" tests="1" failures="0" timestamp="23 Nov 2017 11:38:30 GMT" time="12.423" errors="0">
  <testcase name="DetailPage_ErrorOnRecordDescription" time="12.423" classname="discovery.DetailPageOnTest.DetailPage_ErrorOnRecordDescription"/>
</testsuite> <!-- discovery.DetailPageOnTest.DetailPage_ErrorOnRecordDescription -->
