<?xml version="1.0" encoding="UTF-8"?>
<!-- Generated by org.testng.reporters.JUnitReportReporter -->
<testsuite skipped="0" hostname="PR020921" name="dicovery.DeliveryOption.MissingLost" tests="1" failures="0" timestamp="23 Nov 2017 11:38:30 GMT" time="9.479" errors="0">
  <testcase name="missingLost" time="9.479" classname="dicovery.DeliveryOption.MissingLost"/>
</testsuite> <!-- dicovery.DeliveryOption.MissingLost -->
