<?xml version="1.0" encoding="UTF-8"?>
<!-- Generated by org.testng.reporters.JUnitReportReporter -->
<testsuite skipped="0" hostname="PR020921" name="discovery.AdvancedSearchOnTest.AS_AutoLookUp_OtherArchives" tests="1" failures="0" timestamp="23 Nov 2017 11:38:31 GMT" time="15.768" errors="0">
  <testcase name="verifyLookUp" time="15.768" classname="discovery.AdvancedSearchOnTest.AS_AutoLookUp_OtherArchives"/>
</testsuite> <!-- discovery.AdvancedSearchOnTest.AS_AutoLookUp_OtherArchives -->
