<?xml version="1.0" encoding="UTF-8"?>
<!-- Generated by org.testng.reporters.JUnitReportReporter -->
<testsuite skipped="0" hostname="PR020921" name="dicovery.DeliveryOption.ClosedRetainedDeptUnKnown" tests="1" failures="0" timestamp="23 Nov 2017 11:38:30 GMT" time="17.495" errors="0">
  <testcase name="closedRetainedDeptUnKnown" time="17.495" classname="dicovery.DeliveryOption.ClosedRetainedDeptUnKnown"/>
</testsuite> <!-- dicovery.DeliveryOption.ClosedRetainedDeptUnKnown -->
