<?xml version="1.0" encoding="UTF-8"?>
<!-- Generated by org.testng.reporters.JUnitReportReporter -->
<testsuite skipped="0" hostname="PR020921" name="discovery.AdvancedSearchOnTest.AS_SearchOtherArchives" tests="1" failures="0" timestamp="23 Nov 2017 11:38:31 GMT" time="19.301" errors="0">
  <testcase name="SearchOtherArchives" time="19.301" classname="discovery.AdvancedSearchOnTest.AS_SearchOtherArchives"/>
</testsuite> <!-- discovery.AdvancedSearchOnTest.AS_SearchOtherArchives -->
