<?xml version="1.0" encoding="UTF-8"?>
<!-- Generated by org.testng.reporters.JUnitReportReporter -->
<testsuite skipped="0" hostname="PR020921" name="discovery.AdvancedSearchOnTest.AS_Records_SearchTheTNA_Reference_IncludeContent" tests="1" failures="0" timestamp="23 Nov 2017 11:38:30 GMT" time="26.425" errors="0">
  <testcase name="SearchTheTNA_Reference_IncludeContent" time="26.425" classname="discovery.AdvancedSearchOnTest.AS_Records_SearchTheTNA_Reference_IncludeContent"/>
</testsuite> <!-- discovery.AdvancedSearchOnTest.AS_Records_SearchTheTNA_Reference_IncludeContent -->
