<?xml version="1.0" encoding="UTF-8"?>
<!-- Generated by org.testng.reporters.JUnitReportReporter -->
<testsuite skipped="0" hostname="PR020921" name="dicovery.DeliveryOption.DigitizedOther" tests="1" failures="0" timestamp="23 Nov 2017 11:38:30 GMT" time="10.497" errors="0">
  <testcase name="digitizedOther" time="10.497" classname="dicovery.DeliveryOption.DigitizedOther"/>
</testsuite> <!-- dicovery.DeliveryOption.DigitizedOther -->
