<?xml version="1.0" encoding="UTF-8"?>
<!-- Generated by org.testng.reporters.JUnitReportReporter -->
<testsuite skipped="0" hostname="PR020921" name="dicovery.DeliveryOption.ClosedFOIReview" tests="1" failures="0" timestamp="23 Nov 2017 11:38:32 GMT" time="10.875" errors="0">
  <testcase name="closedFoiReview" time="10.875" classname="dicovery.DeliveryOption.ClosedFOIReview"/>
</testsuite> <!-- dicovery.DeliveryOption.ClosedFOIReview -->
