<?xml version="1.0" encoding="UTF-8"?>
<!-- Generated by org.testng.reporters.JUnitReportReporter -->
<testsuite skipped="0" hostname="PR020921" name="discovery.DetailPageOnTest.DetailPage_ShowImages" tests="1" failures="0" timestamp="23 Nov 2017 11:38:33 GMT" time="7.282" errors="0">
  <testcase name="DetailPage_ShowImages" time="7.282" classname="discovery.DetailPageOnTest.DetailPage_ShowImages"/>
</testsuite> <!-- discovery.DetailPageOnTest.DetailPage_ShowImages -->
