<?xml version="1.0" encoding="UTF-8"?>
<!-- Generated by org.testng.reporters.JUnitReportReporter -->
<testsuite skipped="0" hostname="PR020921" name="discovery.BasicSearchOnTest.BS_RecordCreator_filterresult" tests="1" failures="0" timestamp="23 Nov 2017 11:38:30 GMT" time="21.554" errors="0">
  <testcase name="RecordCreator_filterresult" time="21.554" classname="discovery.BasicSearchOnTest.BS_RecordCreator_filterresult"/>
</testsuite> <!-- discovery.BasicSearchOnTest.BS_RecordCreator_filterresult -->
