<?xml version="1.0" encoding="UTF-8"?>
<!-- Generated by org.testng.reporters.JUnitReportReporter -->
<testsuite skipped="0" hostname="PR020921" name="discovery.FindAnAichiveOnTest.FA_UsingMap" tests="2" failures="0" timestamp="23 Nov 2017 11:38:30 GMT" time="33.379" errors="0">
  <testcase name="BrowseCountryname2" time="17.521" classname="discovery.FindAnAichiveOnTest.FA_UsingMap"/>
  <testcase name="usingmap" time="15.858" classname="discovery.FindAnAichiveOnTest.FA_UsingMap"/>
</testsuite> <!-- discovery.FindAnAichiveOnTest.FA_UsingMap -->
