<?xml version="1.0" encoding="UTF-8"?>
<!-- Generated by org.testng.reporters.JUnitReportReporter -->
<testsuite skipped="0" hostname="PR020921" name="dicovery.DeliveryOption.OrderOriginal" tests="1" failures="0" timestamp="23 Nov 2017 11:38:33 GMT" time="9.938" errors="0">
  <testcase name="OrderOriginal" time="9.938" classname="dicovery.DeliveryOption.OrderOriginal"/>
</testsuite> <!-- dicovery.DeliveryOption.OrderOriginal -->
