<?xml version="1.0" encoding="UTF-8"?>
<!-- Generated by org.testng.reporters.JUnitReportReporter -->
<testsuite skipped="0" hostname="PR020921" name="discovery.Sar.Sar_DPP23289FoiRequest" tests="1" failures="0" timestamp="23 Nov 2017 11:38:33 GMT" time="9.770" errors="0">
  <testcase name="DPP23289FoiRequest" time="9.770" classname="discovery.Sar.Sar_DPP23289FoiRequest"/>
</testsuite> <!-- discovery.Sar.Sar_DPP23289FoiRequest -->
