<?xml version="1.0" encoding="UTF-8"?>
<!-- Generated by org.testng.reporters.JUnitReportReporter -->
<testsuite skipped="0" hostname="PR020921" name="discovery.DetailPageOnTest.Verify_DetailPage_OnAllLevels" tests="1" failures="0" timestamp="23 Nov 2017 11:38:33 GMT" time="50.146" errors="0">
  <testcase name="detailPgae" time="50.146" classname="discovery.DetailPageOnTest.Verify_DetailPage_OnAllLevels"/>
</testsuite> <!-- discovery.DetailPageOnTest.Verify_DetailPage_OnAllLevels -->
