<?xml version="1.0" encoding="UTF-8"?>
<!-- Generated by org.testng.reporters.JUnitReportReporter -->
<testsuite skipped="0" hostname="PR020921" name="discovery.Sar.Sar_HO45237211FoiRequest" tests="1" failures="0" timestamp="23 Nov 2017 11:38:30 GMT" time="11.257" errors="0">
  <testcase name="HO45237211FoiRequest" time="11.257" classname="discovery.Sar.Sar_HO45237211FoiRequest"/>
</testsuite> <!-- discovery.Sar.Sar_HO45237211FoiRequest -->
