<?xml version="1.0" encoding="UTF-8"?>
<!-- Generated by org.testng.reporters.JUnitReportReporter -->
<testsuite skipped="0" hostname="PR020921" name="discovery.DetailPageOnTest.Verify_DetailPage_OnSeriesLevel" tests="1" failures="0" timestamp="23 Nov 2017 11:38:32 GMT" time="9.022" errors="0">
  <testcase name="series_Serach" time="9.022" classname="discovery.DetailPageOnTest.Verify_DetailPage_OnSeriesLevel"/>
</testsuite> <!-- discovery.DetailPageOnTest.Verify_DetailPage_OnSeriesLevel -->
