<?xml version="1.0" encoding="UTF-8"?>
<!-- Generated by org.testng.reporters.JUnitReportReporter -->
<testsuite skipped="0" hostname="PR020921" name="discovery.BasicSearchOnTest.BS_VerifyTotalNoOfRecordsEachLink" tests="1" failures="0" timestamp="23 Nov 2017 11:38:31 GMT" time="40.309" errors="0">
  <testcase name="VerifyTotalNoOfRecordsEachLink" time="40.309" classname="discovery.BasicSearchOnTest.BS_VerifyTotalNoOfRecordsEachLink"/>
</testsuite> <!-- discovery.BasicSearchOnTest.BS_VerifyTotalNoOfRecordsEachLink -->
