<?xml version="1.0" encoding="UTF-8"?>
<!-- Generated by org.testng.reporters.JUnitReportReporter -->
<testsuite skipped="0" hostname="PR020921" name="discovery.Ecommerce.CertifiedNaturalisationRequest" tests="1" failures="0" timestamp="23 Nov 2017 11:38:32 GMT" time="53.420" errors="0">
  <testcase name="CertifiedNaturalisationRequest" time="53.420" classname="discovery.Ecommerce.CertifiedNaturalisationRequest"/>
</testsuite> <!-- discovery.Ecommerce.CertifiedNaturalisationRequest -->
