<?xml version="1.0" encoding="UTF-8"?>
<!-- Generated by org.testng.reporters.JUnitReportReporter -->
<testsuite skipped="0" hostname="PR020921" name="discovery.Sar.Sar_AB7190VisitTheDepartmentWebsite" tests="1" failures="0" timestamp="23 Nov 2017 11:38:33 GMT" time="11.110" errors="0">
  <testcase name="AB7190VisitTheDepartmentWebsite" time="11.110" classname="discovery.Sar.Sar_AB7190VisitTheDepartmentWebsite"/>
</testsuite> <!-- discovery.Sar.Sar_AB7190VisitTheDepartmentWebsite -->
