<?xml version="1.0" encoding="UTF-8"?>
<!-- Generated by org.testng.reporters.JUnitReportReporter -->
<testsuite skipped="0" hostname="PR020921" name="discovery.BrowseOnTest.Records_Of_OtherArchives" tests="1" failures="0" timestamp="23 Nov 2017 11:38:32 GMT" time="8.523" errors="0">
  <testcase name="otherArchives" time="8.523" classname="discovery.BrowseOnTest.Records_Of_OtherArchives"/>
</testsuite> <!-- discovery.BrowseOnTest.Records_Of_OtherArchives -->
