<?xml version="1.0" encoding="UTF-8"?>
<!-- Generated by org.testng.reporters.JUnitReportReporter -->
<testsuite skipped="0" hostname="PR020921" name="discovery.BasicSearchOnTest.BS_LessThan10000_Export1000RecordCreatorAsXML" tests="1" failures="0" timestamp="23 Nov 2017 11:38:30 GMT" time="36.848" errors="0">
  <testcase name="Export1000RecordCreatorAsXML" time="36.848" classname="discovery.BasicSearchOnTest.BS_LessThan10000_Export1000RecordCreatorAsXML"/>
</testsuite> <!-- discovery.BasicSearchOnTest.BS_LessThan10000_Export1000RecordCreatorAsXML -->
