<?xml version="1.0" encoding="UTF-8"?>
<!-- Generated by org.testng.reporters.JUnitReportReporter -->
<testsuite skipped="0" hostname="PR020921" name="discovery.SingleSignOnTest.SS_NoAcceptTerm" tests="1" failures="0" timestamp="23 Nov 2017 11:38:32 GMT" time="11.320" errors="0">
  <testcase name="NoAcceptTerm" time="11.320" classname="discovery.SingleSignOnTest.SS_NoAcceptTerm"/>
</testsuite> <!-- discovery.SingleSignOnTest.SS_NoAcceptTerm -->
