<?xml version="1.0" encoding="UTF-8"?>
<!-- Generated by org.testng.reporters.JUnitReportReporter -->
<testsuite skipped="0" hostname="PR020921" name="dicovery.DeliveryOption.TooLargeToCopyOriginal" tests="1" failures="0" timestamp="23 Nov 2017 11:38:32 GMT" time="10.113" errors="0">
  <testcase name="tooLargeToCopyOriginal" time="10.113" classname="dicovery.DeliveryOption.TooLargeToCopyOriginal"/>
</testsuite> <!-- dicovery.DeliveryOption.TooLargeToCopyOriginal -->
