<?xml version="1.0" encoding="UTF-8"?>
<!-- Generated by org.testng.reporters.JUnitReportReporter -->
<testsuite skipped="0" hostname="PR020921" name="discovery.BasicSearchOnTest.BS_LessThan10000_Export1000RecordsAsXML" tests="1" failures="0" timestamp="23 Nov 2017 11:38:33 GMT" time="41.282" errors="0">
  <testcase name="Export1000RecordsAsXML" time="41.282" classname="discovery.BasicSearchOnTest.BS_LessThan10000_Export1000RecordsAsXML"/>
</testsuite> <!-- discovery.BasicSearchOnTest.BS_LessThan10000_Export1000RecordsAsXML -->
