<?xml version="1.0" encoding="UTF-8"?>
<!-- Generated by org.testng.reporters.JUnitReportReporter -->
<testsuite skipped="0" hostname="PR020921" name="discovery.SingleSignOnTest.SS_clickRegisterwithEmptyFields" tests="1" failures="0" timestamp="23 Nov 2017 11:38:31 GMT" time="10.577" errors="0">
  <testcase name="clickRegisterwithEmptyFields" time="10.577" classname="discovery.SingleSignOnTest.SS_clickRegisterwithEmptyFields"/>
</testsuite> <!-- discovery.SingleSignOnTest.SS_clickRegisterwithEmptyFields -->
