<?xml version="1.0" encoding="UTF-8"?>
<!-- Generated by org.testng.reporters.JUnitReportReporter -->
<testsuite skipped="0" hostname="PR020921" name="discovery.AdvancedSearchOnTest.AS_Records_DateRange_SearchAll" tests="1" failures="0" timestamp="23 Nov 2017 11:38:33 GMT" time="20.284" errors="0">
  <testcase name="DateRange_SearchAll" time="20.284" classname="discovery.AdvancedSearchOnTest.AS_Records_DateRange_SearchAll"/>
</testsuite> <!-- discovery.AdvancedSearchOnTest.AS_Records_DateRange_SearchAll -->
