<?xml version="1.0" encoding="UTF-8"?>
<!-- Generated by org.testng.reporters.JUnitReportReporter -->
<testsuite skipped="0" hostname="PR020921" name="discovery.FindAnAichiveOnTest.FA_HomeNation" tests="4" failures="0" timestamp="23 Nov 2017 11:38:32 GMT" time="50.911" errors="0">
  <testcase name="secondHomeNation" time="12.361" classname="discovery.FindAnAichiveOnTest.FA_HomeNation"/>
  <testcase name="ThirdHomeNation" time="13.417" classname="discovery.FindAnAichiveOnTest.FA_HomeNation"/>
  <testcase name="firstHomeNation" time="12.767" classname="discovery.FindAnAichiveOnTest.FA_HomeNation"/>
  <testcase name="FourthHomeNation" time="12.366" classname="discovery.FindAnAichiveOnTest.FA_HomeNation"/>
</testsuite> <!-- discovery.FindAnAichiveOnTest.FA_HomeNation -->
