<?xml version="1.0" encoding="UTF-8"?>
<!-- Generated by org.testng.reporters.JUnitReportReporter -->
<testsuite skipped="0" hostname="PR020921" name="discovery.AdvancedSearchOnTest.AS_RecordCreator_CreatorType_DateRange" tests="1" failures="0" timestamp="23 Nov 2017 11:38:31 GMT" time="24.817" errors="0">
  <testcase name="CreatorType_DateRange" time="24.817" classname="discovery.AdvancedSearchOnTest.AS_RecordCreator_CreatorType_DateRange"/>
</testsuite> <!-- discovery.AdvancedSearchOnTest.AS_RecordCreator_CreatorType_DateRange -->
