<?xml version="1.0" encoding="UTF-8"?>
<!-- Generated by org.testng.reporters.JUnitReportReporter -->
<testsuite skipped="0" hostname="PR020921" name="discovery.SingleSignOnTest.SS_clickRegisterwithInvalidPassword" tests="1" failures="0" timestamp="23 Nov 2017 11:38:31 GMT" time="10.774" errors="0">
  <testcase name="clickRegisterwithInvalidPassword" time="10.774" classname="discovery.SingleSignOnTest.SS_clickRegisterwithInvalidPassword"/>
</testsuite> <!-- discovery.SingleSignOnTest.SS_clickRegisterwithInvalidPassword -->
